<?xml version="1.0" encoding="UTF-8"?>
<!-- Generated by org.testng.reporters.JUnitReportReporter -->
<testsuite hostname="DESKTOP-GDP45GV" name="Deepika_API.Deepika_API.Runner" tests="4" failures="0" timestamp="17 Apr 2021 08:31:29 GMT" time="13.932" errors="0">
  <testcase name="create_Pet" time="2.265" classname="Deepika_API.Deepika_API.Runner"/>
  <testcase name="update" time="0.717" classname="Deepika_API.Deepika_API.Runner"/>
  <testcase name="get" time="8.441" classname="Deepika_API.Deepika_API.Runner"/>
  <testcase name="verifyupdated" time="2.509" classname="Deepika_API.Deepika_API.Runner"/>
</testsuite> <!-- Deepika_API.Deepika_API.Runner -->
