<?xml version="1.0" encoding="UTF-8"?>
<!-- Generated by org.testng.reporters.JUnitReportReporter -->
<testsuite hostname="DESKTOP-GDP45GV" name="Deepika_API.Deepika_API.APITask" tests="4" failures="0" timestamp="17 Apr 2021 12:21:57 GMT" time="13.017" errors="0">
  <testcase name="create" time="2.209" classname="Deepika_API.Deepika_API.APITask"/>
  <testcase name="delete" time="2.494" classname="Deepika_API.Deepika_API.APITask"/>
  <testcase name="get" time="7.606" classname="Deepika_API.Deepika_API.APITask"/>
  <testcase name="update" time="0.708" classname="Deepika_API.Deepika_API.APITask"/>
</testsuite> <!-- Deepika_API.Deepika_API.APITask -->
