<?xml version="1.0" encoding="UTF-8"?>
<!-- Generated by org.testng.reporters.JUnitReportReporter -->
<testsuite hostname="DESKTOP-GDP45GV" name="Deepika_API.Deepika_API.Runner2" tests="1" failures="0" timestamp="16 Apr 2021 17:03:20 GMT" time="2.580" errors="0">
  <testcase name="create_Pet" time="2.580" classname="Deepika_API.Deepika_API.Runner2"/>
</testsuite> <!-- Deepika_API.Deepika_API.Runner2 -->
